GROUP,PACKAGE,CLASS,INSTRUCTION_MISSED,INSTRUCTION_COVERED,BRANCH_MISSED,BRANCH_COVERED,LINE_MISSED,LINE_COVERED,COMPLEXITY_MISSED,COMPLEXITY_COVERED,METHOD_MISSED,METHOD_COVERED
spring-continuous-delivery-test,com.deliverytest.service,UserService,9,12,0,0,2,3,1,3,1,3
spring-continuous-delivery-test,com.deliverytest,AppConfig,91,0,0,0,20,0,5,0,5,0
spring-continuous-delivery-test,com.deliverytest,SpringContinuousDeliveryTestApplication,5,3,0,0,2,1,1,1,1,1
spring-continuous-delivery-test,com.deliverytest.models,User,0,43,0,0,0,19,0,10,0,10
spring-continuous-delivery-test,com.deliverytest.controller,UserController,0,12,0,0,0,3,0,3,0,3
spring-continuous-delivery-test,com.deliverytest.controller,RolesController,3,0,0,0,1,0,1,0,1,0
